<?xml version="1.0" encoding="UTF-8"?>
<!-- Generated by org.testng.reporters.JUnitXMLReporter -->
<testsuite ignored="0" hostname="DESKTOP-RQMUG97" failures="1" tests="3" name="Test" time="11.767" errors="0" timestamp="2024-08-15T10:36:37 IST">
  <testcase classname="day43_Listener.OrangeHRMTest" name="testlogo" time="0.085"/>
  <testcase classname="day43_Listener.OrangeHRMTest" name="testURL" time="0.024">
    <failure type="java.lang.AssertionError" message="expected [https://demo.nopcommerce.com/] but found [https://opensource-demo.orangehrmlive.com/web/index.php/auth/login]">
      <![CDATA[java.lang.AssertionError: expected [https://demo.nopcommerce.com/] but found [https://opensource-demo.orangehrmlive.com/web/index.php/auth/login]
at day43_Listener.OrangeHRMTest.testURL(OrangeHRMTest.java:37)
at java.base/java.util.ArrayList.forEach(ArrayList.java:1511)
... Removed 33 stack frames]]>
    </failure>
  </testcase> <!-- testURL -->
  <testcase classname="day43_Listener.OrangeHRMTest" name="testHomePageTitle" time="0.0">
    <skipped/>
  </testcase> <!-- testHomePageTitle -->
</testsuite> <!-- Test -->
